f:\projects\tup_abgabe\objtovertexbuffer\debug\vc143.pdb
f:\projects\tup_abgabe\objtovertexbuffer\debug\vc143.idb
f:\projects\tup_abgabe\objtovertexbuffer\debug\mesh3d_render.obj
f:\projects\tup_abgabe\objtovertexbuffer\debug\mesh3d.obj
f:\projects\tup_abgabe\objtovertexbuffer\debug\cvector.obj
f:\projects\tup_abgabe\objtovertexbuffer\debug\cquaternion.obj
f:\projects\tup_abgabe\objtovertexbuffer\debug\cposition.obj
f:\projects\tup_abgabe\objtovertexbuffer\debug\cmatrix.obj
f:\projects\tup_abgabe\objtovertexbuffer\debug\glutwindow.obj
f:\projects\tup_abgabe\objtovertexbuffer\debug\arcball.obj
f:\projects\tup_abgabe\objtovertexbuffer\debug\viewerwindow.obj
f:\projects\tup_abgabe\objtovertexbuffer\debug\main.obj
f:\projects\tup_abgabe\objtovertexbuffer\debug\imgui_widgets.obj
f:\projects\tup_abgabe\objtovertexbuffer\debug\imgui_tables.obj
f:\projects\tup_abgabe\objtovertexbuffer\debug\imgui_impl_opengl3.obj
f:\projects\tup_abgabe\objtovertexbuffer\debug\imgui_impl_glut.obj
f:\projects\tup_abgabe\objtovertexbuffer\debug\imgui_draw.obj
f:\projects\tup_abgabe\objtovertexbuffer\debug\imgui_demo.obj
f:\projects\tup_abgabe\objtovertexbuffer\debug\imgui.obj
f:\projects\tup_abgabe\bin\stripification.exe
f:\projects\tup_abgabe\bin\stripification.pdb
f:\projects\tup_abgabe\objtovertexbuffer\debug\stripification.ilk
f:\projects\tup_abgabe\objtovertexbuffer\debug\stripification.tlog\cl.command.1.tlog
f:\projects\tup_abgabe\objtovertexbuffer\debug\stripification.tlog\cl.items.tlog
f:\projects\tup_abgabe\objtovertexbuffer\debug\stripification.tlog\cl.read.1.tlog
f:\projects\tup_abgabe\objtovertexbuffer\debug\stripification.tlog\cl.write.1.tlog
f:\projects\tup_abgabe\objtovertexbuffer\debug\stripification.tlog\link.command.1.tlog
f:\projects\tup_abgabe\objtovertexbuffer\debug\stripification.tlog\link.read.1.tlog
f:\projects\tup_abgabe\objtovertexbuffer\debug\stripification.tlog\link.secondary.1.tlog
f:\projects\tup_abgabe\objtovertexbuffer\debug\stripification.tlog\link.write.1.tlog
